<?xml version="1.0" encoding="UTF-8"?>
<!-- Generated by org.testng.reporters.JUnitXMLReporter -->
<testsuite hostname="shubhagg-mac" ignored="0" name="Default test" tests="1" failures="1" timestamp="2022-07-07T13:26:03 IST" time="2.97" errors="0">
  <testcase name="hiddenWebElement" time="2.928" classname="logic.HiddenWebElement">
    <failure type="org.openqa.selenium.SessionNotCreatedException" message="session not created: This version of ChromeDriver only supports Chrome version 98
Current browser version is 102.0.5005.61 with binary path /Applications/Google Chrome.app/Contents/MacOS/Google Chrome
Build info: version: &amp;apos;3.141.59&amp;apos;, revision: &amp;apos;e82be7d358&amp;apos;, time: &amp;apos;2018-11-14T08:17:03&amp;apos;
System info: host: &amp;apos;shubhagg-mac&amp;apos;, ip: &amp;apos;fe80:0:0:0:c86:ef73:9b1a:1621%en0&amp;apos;, os.name: &amp;apos;Mac OS X&amp;apos;, os.arch: &amp;apos;x86_64&amp;apos;, os.version: &amp;apos;10.15.7&amp;apos;, java.version: &amp;apos;1.8.0_231&amp;apos;
Driver info: driver.version: ChromeDriver
remote stacktrace: 0   chromedriver                        0x00000001101c53c9 chromedriver + 5018569
1   chromedriver                        0x0000000110150333 chromedriver + 4539187
2   chromedriver                        0x000000010fd25a88 chromedriver + 170632
3   chromedriver                        0x000000010fd4b6ac chromedriver + 325292
4   chromedriver                        0x000000010fd47250 chromedriver + 307792
5   chromedriver                        0x000000010fd43946 chromedriver + 293190
6   chromedriver                        0x000000010fd7d556 chromedriver + 529750
7   chromedriver                        0x000000010fd776d3 chromedriver + 505555
8   chromedriver                        0x000000010fd4d95e chromedriver + 334174
9   chromedriver                        0x000000010fd4e935 chromedriver + 338229
10  chromedriver                        0x00000001101811ee chromedriver + 4739566
11  chromedriver                        0x000000011019af51 chromedriver + 4845393
12  chromedriver                        0x00000001101a0928 chromedriver + 4868392
13  chromedriver                        0x000000011019ba7a chromedriver + 4848250
14  chromedriver                        0x0000000110175c31 chromedriver + 4693041
15  chromedriver                        0x00000001101b6978 chromedriver + 4958584
16  chromedriver                        0x00000001101b6b01 chromedriver + 4958977
17  chromedriver                        0x00000001101cc795 chromedriver + 5048213
18  libsystem_pthread.dylib             0x00007fff690f1109 _pthread_start + 148
19  libsystem_pthread.dylib             0x00007fff690ecb8b thread_start + 15
">
      <![CDATA[org.openqa.selenium.SessionNotCreatedException: session not created: This version of ChromeDriver only supports Chrome version 98
Current browser version is 102.0.5005.61 with binary path /Applications/Google Chrome.app/Contents/MacOS/Google Chrome
Build info: version: '3.141.59', revision: 'e82be7d358', time: '2018-11-14T08:17:03'
System info: host: 'shubhagg-mac', ip: 'fe80:0:0:0:c86:ef73:9b1a:1621%en0', os.name: 'Mac OS X', os.arch: 'x86_64', os.version: '10.15.7', java.version: '1.8.0_231'
Driver info: driver.version: ChromeDriver
remote stacktrace: 0   chromedriver                        0x00000001101c53c9 chromedriver + 5018569
1   chromedriver                        0x0000000110150333 chromedriver + 4539187
2   chromedriver                        0x000000010fd25a88 chromedriver + 170632
3   chromedriver                        0x000000010fd4b6ac chromedriver + 325292
4   chromedriver                        0x000000010fd47250 chromedriver + 307792
5   chromedriver                        0x000000010fd43946 chromedriver + 293190
6   chromedriver                        0x000000010fd7d556 chromedriver + 529750
7   chromedriver                        0x000000010fd776d3 chromedriver + 505555
8   chromedriver                        0x000000010fd4d95e chromedriver + 334174
9   chromedriver                        0x000000010fd4e935 chromedriver + 338229
10  chromedriver                        0x00000001101811ee chromedriver + 4739566
11  chromedriver                        0x000000011019af51 chromedriver + 4845393
12  chromedriver                        0x00000001101a0928 chromedriver + 4868392
13  chromedriver                        0x000000011019ba7a chromedriver + 4848250
14  chromedriver                        0x0000000110175c31 chromedriver + 4693041
15  chromedriver                        0x00000001101b6978 chromedriver + 4958584
16  chromedriver                        0x00000001101b6b01 chromedriver + 4958977
17  chromedriver                        0x00000001101cc795 chromedriver + 5048213
18  libsystem_pthread.dylib             0x00007fff690f1109 _pthread_start + 148
19  libsystem_pthread.dylib             0x00007fff690ecb8b thread_start + 15

at sun.reflect.NativeConstructorAccessorImpl.newInstance0(Native Method)
at sun.reflect.NativeConstructorAccessorImpl.newInstance(NativeConstructorAccessorImpl.java:62)
at sun.reflect.DelegatingConstructorAccessorImpl.newInstance(DelegatingConstructorAccessorImpl.java:45)
at java.lang.reflect.Constructor.newInstance(Constructor.java:423)
at org.openqa.selenium.remote.W3CHandshakeResponse.lambda$errorHandler$0(W3CHandshakeResponse.java:62)
at org.openqa.selenium.remote.HandshakeResponse.lambda$getResponseFunction$0(HandshakeResponse.java:30)
at org.openqa.selenium.remote.ProtocolHandshake.lambda$createSession$0(ProtocolHandshake.java:126)
at java.util.stream.ReferencePipeline$3$1.accept(ReferencePipeline.java:193)
at java.util.Spliterators$ArraySpliterator.tryAdvance(Spliterators.java:958)
at java.util.stream.ReferencePipeline.forEachWithCancel(ReferencePipeline.java:126)
at java.util.stream.AbstractPipeline.copyIntoWithCancel(AbstractPipeline.java:499)
at java.util.stream.AbstractPipeline.copyInto(AbstractPipeline.java:486)
at java.util.stream.AbstractPipeline.wrapAndCopyInto(AbstractPipeline.java:472)
at java.util.stream.FindOps$FindOp.evaluateSequential(FindOps.java:152)
at java.util.stream.AbstractPipeline.evaluate(AbstractPipeline.java:234)
at java.util.stream.ReferencePipeline.findFirst(ReferencePipeline.java:464)
at org.openqa.selenium.remote.ProtocolHandshake.createSession(ProtocolHandshake.java:128)
at org.openqa.selenium.remote.ProtocolHandshake.createSession(ProtocolHandshake.java:74)
at org.openqa.selenium.remote.HttpCommandExecutor.execute(HttpCommandExecutor.java:136)
at org.openqa.selenium.remote.service.DriverCommandExecutor.execute(DriverCommandExecutor.java:83)
at org.openqa.selenium.remote.RemoteWebDriver.execute(RemoteWebDriver.java:552)
at org.openqa.selenium.remote.RemoteWebDriver.startSession(RemoteWebDriver.java:213)
at org.openqa.selenium.remote.RemoteWebDriver.<init>(RemoteWebDriver.java:131)
at org.openqa.selenium.chrome.ChromeDriver.<init>(ChromeDriver.java:181)
at org.openqa.selenium.chrome.ChromeDriver.<init>(ChromeDriver.java:168)
at org.openqa.selenium.chrome.ChromeDriver.<init>(ChromeDriver.java:123)
at logic.HiddenWebElement.hiddenWebElement(HiddenWebElement.java:37)
at sun.reflect.NativeMethodAccessorImpl.invoke0(Native Method)
at sun.reflect.NativeMethodAccessorImpl.invoke(NativeMethodAccessorImpl.java:62)
at sun.reflect.DelegatingMethodAccessorImpl.invoke(DelegatingMethodAccessorImpl.java:43)
at java.lang.reflect.Method.invoke(Method.java:498)
at org.testng.internal.MethodInvocationHelper.invokeMethod(MethodInvocationHelper.java:133)
at org.testng.internal.TestInvoker.invokeMethod(TestInvoker.java:584)
at org.testng.internal.TestInvoker.invokeTestMethod(TestInvoker.java:172)
at org.testng.internal.MethodRunner.runInSequence(MethodRunner.java:46)
at org.testng.internal.TestInvoker$MethodInvocationAgent.invoke(TestInvoker.java:804)
at org.testng.internal.TestInvoker.invokeTestMethods(TestInvoker.java:145)
at org.testng.internal.TestMethodWorker.invokeTestMethods(TestMethodWorker.java:146)
at org.testng.internal.TestMethodWorker.run(TestMethodWorker.java:128)
at java.util.ArrayList.forEach(ArrayList.java:1257)
at org.testng.TestRunner.privateRun(TestRunner.java:770)
at org.testng.TestRunner.run(TestRunner.java:591)
at org.testng.SuiteRunner.runTest(SuiteRunner.java:402)
at org.testng.SuiteRunner.runSequentially(SuiteRunner.java:396)
at org.testng.SuiteRunner.privateRun(SuiteRunner.java:355)
at org.testng.SuiteRunner.run(SuiteRunner.java:304)
at org.testng.SuiteRunnerWorker.runSuite(SuiteRunnerWorker.java:53)
at org.testng.SuiteRunnerWorker.run(SuiteRunnerWorker.java:96)
at org.testng.TestNG.runSuitesSequentially(TestNG.java:1180)
at org.testng.TestNG.runSuitesLocally(TestNG.java:1102)
at org.testng.TestNG.runSuites(TestNG.java:1032)
at org.testng.TestNG.run(TestNG.java:1000)
at org.testng.remote.AbstractRemoteTestNG.run(AbstractRemoteTestNG.java:115)
at org.testng.remote.RemoteTestNG.initAndRun(RemoteTestNG.java:251)
at org.testng.remote.RemoteTestNG.main(RemoteTestNG.java:77)
]]>
    </failure>
  </testcase> <!-- hiddenWebElement -->
</testsuite> <!-- Default test -->
